10.2s 1 [IPKernelApp] WARNING | Error in loading extension: bq_stats
10.2s 2 Check your config files in /root/.ipython/profile_default
10.2s 3 Traceback (most recent call last):
10.2s 4 File "/opt/conda/lib/python3.10/site-packages/IPython/core/shellapp.py", line 282, in init_extensions
10.2s 5 self.shell.extension_manager.load_extension(ext)
10.2s 6 File "/opt/conda/lib/python3.10/site-packages/IPython/core/extensions.py", line 76, in load_extension
10.2s 7 return self._load_extension(module_str)
10.2s 8 File "/opt/conda/lib/python3.10/site-packages/IPython/core/extensions.py", line 91, in _load_extension
10.2s 9 mod = import_module(module_str)
10.2s 10 File "/opt/conda/lib/python3.10/importlib/__init__.py", line 126, in import_module
10.2s 11 return _bootstrap._gcd_import(name[level:], package, level)
10.2s 12 File "<frozen importlib._bootstrap>", line 1050, in _gcd_import
10.2s 13 File "<frozen importlib._bootstrap>", line 1027, in _find_and_load
10.2s 14 File "<frozen importlib._bootstrap>", line 1004, in _find_and_load_unlocked
10.2s 15 ModuleNotFoundError: No module named 'bq_stats'
14.5s 16 /opt/conda/lib/python3.10/site-packages/scipy/__init__.py:146: UserWarning: A NumPy version >=1.16.5 and <1.23.0 is required for this version of SciPy (detected version 1.23.5
14.5s 17 warnings.warn(f"A NumPy version >={np_minversion} and <{np_maxversion}"
24.3s 18 /opt/conda/lib/python3.10/site-packages/tensorflow_io/python/ops/__init__.py:98: UserWarning: unable to load libtensorflow_io_plugins.so: unable to open file: libtensorflow_io_plugins.so, from paths: ['/opt/conda/lib/python3.10/site-packages/tensorflow_io/python/ops/libtensorflow_io_plugins.so']
24.3s 19 caused by: ['/opt/conda/lib/python3.10/site-packages/tensorflow_io/python/ops/libtensorflow_io_plugins.so: undefined symbol: _ZN3tsl6StatusC1EN10tensorflow5error4CodeESt17basic_string_viewIcSt11char_traitsIcEENS_14SourceLocationE']
24.3s 20 warnings.warn(f"unable to load libtensorflow_io_plugins.so: {e}")
24.3s 21 /opt/conda/lib/python3.10/site-packages/tensorflow_io/python/ops/__init__.py:104: UserWarning: file system plugins are not loaded: unable to open file: libtensorflow_io.so, from paths: ['/opt/conda/lib/python3.10/site-packages/tensorflow_io/python/ops/libtensorflow_io.so']
24.3s 22 caused by: ['/opt/conda/lib/python3.10/site-packages/tensorflow_io/python/ops/libtensorflow_io.so: undefined symbol: _ZTVN10tensorflow13GcsFileSystemE']
24.3s 23 warnings.warn(f"file system plugins are not loaded: {e}")
31.8s 24 Number of test patients: 3
44.3s 25 /opt/conda/lib/python3.10/site-packages/traitlets/traitlets.py:2930: FutureWarning: --Exporter.preprocessors=["remove_papermill_header.RemovePapermillHeader"] for containers is deprecated in traitlets 5.0. You can pass `--Exporter.preprocessors item` ... multiple times to add items to a list.
44.3s 26 warn(
44.3s 27 [NbConvertApp] WARNING | Config option `kernel_spec_manager_class` not recognized by `NbConvertApp`.
44.3s 28 [NbConvertApp] Converting notebook __notebook__.ipynb to notebook
44.7s 29 [NbConvertApp] Writing 44054 bytes to __notebook__.ipynb
46.0s 30 /opt/conda/lib/python3.10/site-packages/traitlets/traitlets.py:2930: FutureWarning: --Exporter.preprocessors=["nbconvert.preprocessors.ExtractOutputPreprocessor"] for containers is deprecated in traitlets 5.0. You can pass `--Exporter.preprocessors item` ... multiple times to add items to a list.
46.0s 31 warn(
46.0s 32 [NbConvertApp] WARNING | Config option `kernel_spec_manager_class` not recognized by `NbConvertApp`.
46.0s 33 [NbConvertApp] Converting notebook __notebook__.ipynb to html
46.8s 34 [NbConvertApp] Writing 344441 bytes to __results__.html 